<?xml version="1.0" encoding="UTF-8"?>
<!-- Generated by org.testng.reporters.JUnitReportReporter -->
<testsuite hostname="LAPTOP-37343K4S" failures="0" tests="2" name="com.NewTest" time="0.011" errors="0" timestamp="2024-01-04T09:39:13 IST" skipped="0">
  <testcase classname="com.NewTest" name="Test1" time="0.007"/>
  <system-out/>
  <testcase classname="com.NewTest" name="Test2" time="0.004"/>
  <system-out/>
</testsuite> <!-- com.NewTest -->
